<?xml version="1.0" encoding="UTF-8"?>
<testsuite xmlns:xsi="http://www.w3.org/2001/XMLSchema-instance" xsi:noNamespaceSchemaLocation="https://maven.apache.org/surefire/maven-surefire-plugin/xsd/surefire-test-report-3.0.xsd" version="3.0" name="runners.CucumberRunnerTest" time="15.377" tests="4" errors="0" skipped="0" failures="2">
  <properties>
[...]
</properties>
  <testcase name="runScenario[&quot;User can add a project&quot;, &quot;Optional[Manage Project]&quot;](1)" classname="runners.CucumberRunnerTest" time="3.318">
    <failure message="The step &apos;the user login to system&apos; and 6 other step(s) are undefined.&#10;You can implement these steps using the snippet(s) below:&#10;&#10;@Given(&quot;the user login to system&quot;)&#10;public void the_user_login_to_system() {&#10;    // Write code here that turns the phrase above into concrete actions&#10;    throw new io.cucumber.java.PendingException();&#10;}&#10;@When(&quot;user open the project page&quot;)&#10;public void user_open_the_project_page() {&#10;    // Write code here that turns the phrase above into concrete actions&#10;    throw new io.cucumber.java.PendingException();&#10;}&#10;@When(&quot;user click add project button&quot;)&#10;public void user_click_add_project_button() {&#10;    // Write code here that turns the phrase above into concrete actions&#10;    throw new io.cucumber.java.PendingException();&#10;}&#10;@Then(&quot;the add project dialog displays&quot;)&#10;public void the_add_project_dialog_displays() {&#10;    // Write code here that turns the phrase above into concrete actions&#10;    throw new io.cucumber.java.PendingException();&#10;}&#10;@When(&quot;user enter data on form information&quot;)&#10;public void user_enter_data_on_form_information() {&#10;    // Write code here that turns the phrase above into concrete actions&#10;    throw new io.cucumber.java.PendingException();&#10;}&#10;@When(&quot;click save button&quot;)&#10;public void click_save_button() {&#10;    // Write code here that turns the phrase above into concrete actions&#10;    throw new io.cucumber.java.PendingException();&#10;}&#10;@Then(&quot;the project just added on Project page&quot;)&#10;public void the_project_just_added_on_project_page() {&#10;    // Write code here that turns the phrase above into concrete actions&#10;    throw new io.cucumber.java.PendingException();&#10;}&#10;" type="io.cucumber.testng.UndefinedStepException"><![CDATA[io.cucumber.testng.UndefinedStepException: 
The step 'the user login to system' and 6 other step(s) are undefined.
You can implement these steps using the snippet(s) below:

@Given("the user login to system")
public void the_user_login_to_system() {
    // Write code here that turns the phrase above into concrete actions
    throw new io.cucumber.java.PendingException();
}
@When("user open the project page")
public void user_open_the_project_page() {
    // Write code here that turns the phrase above into concrete actions
    throw new io.cucumber.java.PendingException();
}
@When("user click add project button")
public void user_click_add_project_button() {
    // Write code here that turns the phrase above into concrete actions
    throw new io.cucumber.java.PendingException();
}
@Then("the add project dialog displays")
public void the_add_project_dialog_displays() {
    // Write code here that turns the phrase above into concrete actions
    throw new io.cucumber.java.PendingException();
}
@When("user enter data on form information")
public void user_enter_data_on_form_information() {
    // Write code here that turns the phrase above into concrete actions
    throw new io.cucumber.java.PendingException();
}
@When("click save button")
public void click_save_button() {
    // Write code here that turns the phrase above into concrete actions
    throw new io.cucumber.java.PendingException();
}
@Then("the project just added on Project page")
public void the_project_just_added_on_project_page() {
    // Write code here that turns the phrase above into concrete actions
    throw new io.cucumber.java.PendingException();
}

]]></failure>
    <system-out><![CDATA[
Scenario Outline: Login page to HRM                                &amp#27;[90m# src/test/resources/features/Login.feature:10&amp#27;[0m

Scenario Outline: Open menu           &amp#27;[90m# src/test/resources/features/Dashboard.feature:10&amp#27;[0m

Scenario Outline: Open menu           &amp#27;[90m# src/test/resources/features/Dashboard.feature:9&amp#27;[0m

Scenario: User can add a project              &amp#27;[90m# src/test/resources/features/Project.feature:3&amp#27;[0m
  &amp#27;[33mGiven &amp#27;[0m&amp#27;[33mthe user login to system&amp#27;[0m              &amp#27;[90m# null&amp#27;[0m
  &amp#27;[36mWhen &amp#27;[0m&amp#27;[36muser open the project page&amp#27;[0m             &amp#27;[90m# null&amp#27;[0m
  &amp#27;[36mAnd &amp#27;[0m&amp#27;[36muser click add project button&amp#27;[0m           &amp#27;[90m# null&amp#27;[0m
  &amp#27;[36mThen &amp#27;[0m&amp#27;[36mthe add project dialog displays&amp#27;[0m        &amp#27;[90m# null&amp#27;[0m
  &amp#27;[36mWhen &amp#27;[0m&amp#27;[36muser enter data on form information&amp#27;[0m    &amp#27;[90m# null&amp#27;[0m
  &amp#27;[36mAnd &amp#27;[0m&amp#27;[36mclick save button&amp#27;[0m                       &amp#27;[90m# null&amp#27;[0m
  &amp#27;[36mThen &amp#27;[0m&amp#27;[36mthe project just added on Project page&amp#27;[0m &amp#27;[90m# null&amp#27;[0m
]]></system-out>
    <system-err><![CDATA[[TestNG-PoolService-1] INFO io.github.bonigarcia.wdm.WebDriverManager - Using chromedriver 96.0.4664.45 (resolved driver for Chrome 96)
[TestNG-PoolService-3] INFO io.github.bonigarcia.wdm.WebDriverManager - Using chromedriver 96.0.4664.45 (resolved driver for Chrome 96)
[TestNG-PoolService-2] INFO io.github.bonigarcia.wdm.WebDriverManager - Using chromedriver 96.0.4664.45 (resolved driver for Chrome 96)
[TestNG-PoolService-0] INFO io.github.bonigarcia.wdm.WebDriverManager - Using chromedriver 96.0.4664.45 (resolved driver for Chrome 96)
[TestNG-PoolService-1] INFO io.github.bonigarcia.wdm.WebDriverManager - Exporting webdriver.chrome.driver as C:\Users\Admin\.cache\selenium\chromedriver\win32\96.0.4664.45\chromedriver.exe
[TestNG-PoolService-0] INFO io.github.bonigarcia.wdm.WebDriverManager - Exporting webdriver.chrome.driver as C:\Users\Admin\.cache\selenium\chromedriver\win32\96.0.4664.45\chromedriver.exe
[TestNG-PoolService-3] INFO io.github.bonigarcia.wdm.WebDriverManager - Exporting webdriver.chrome.driver as C:\Users\Admin\.cache\selenium\chromedriver\win32\96.0.4664.45\chromedriver.exe
[TestNG-PoolService-2] INFO io.github.bonigarcia.wdm.WebDriverManager - Exporting webdriver.chrome.driver as C:\Users\Admin\.cache\selenium\chromedriver\win32\96.0.4664.45\chromedriver.exe
Starting ChromeDriver 96.0.4664.45 (76e4c1bb2ab4671b8beba3444e61c0f17584b2fc-refs/branch-heads/4664@{#947}) on port 40712
Only local connections are allowed.
Please see https://chromedriver.chromium.org/security-considerations for suggestions on keeping ChromeDriver safe.
ChromeDriver was started successfully.
Starting ChromeDriver 96.0.4664.45 (76e4c1bb2ab4671b8beba3444e61c0f17584b2fc-refs/branch-heads/4664@{#947}) on port 48158
Only local connections are allowed.
Please see https://chromedriver.chromium.org/security-considerations for suggestions on keeping ChromeDriver safe.
ChromeDriver was started successfully.
Starting ChromeDriver 96.0.4664.45 (76e4c1bb2ab4671b8beba3444e61c0f17584b2fc-refs/branch-heads/4664@{#947}) on port 22159
Only local connections are allowed.
Please see https://chromedriver.chromium.org/security-considerations for suggestions on keeping ChromeDriver safe.
ChromeDriver was started successfully.
Starting ChromeDriver 96.0.4664.45 (76e4c1bb2ab4671b8beba3444e61c0f17584b2fc-refs/branch-heads/4664@{#947}) on port 37157
Only local connections are allowed.
Please see https://chromedriver.chromium.org/security-considerations for suggestions on keeping ChromeDriver safe.
ChromeDriver was started successfully.
thg 12 23, 2021 6:52:58 SA org.openqa.selenium.remote.ProtocolHandshake createSession
INFO: Detected dialect: W3C
thg 12 23, 2021 6:52:58 SA org.openqa.selenium.remote.ProtocolHandshake createSession
INFO: Detected dialect: W3C
thg 12 23, 2021 6:52:58 SA org.openqa.selenium.remote.ProtocolHandshake createSession
INFO: Detected dialect: W3C
thg 12 23, 2021 6:52:58 SA org.openqa.selenium.remote.ProtocolHandshake createSession
INFO: Detected dialect: W3C
[TestNG-PoolService-1] INFO io.github.bonigarcia.wdm.WebDriverManager - Using chromedriver 96.0.4664.45 (resolved driver for Chrome 96)
[TestNG-PoolService-1] INFO io.github.bonigarcia.wdm.WebDriverManager - Exporting webdriver.chrome.driver as C:\Users\Admin\.cache\selenium\chromedriver\win32\96.0.4664.45\chromedriver.exe
[TestNG-PoolService-0] INFO io.github.bonigarcia.wdm.WebDriverManager - Using chromedriver 96.0.4664.45 (resolved driver for Chrome 96)
[TestNG-PoolService-0] INFO io.github.bonigarcia.wdm.WebDriverManager - Exporting webdriver.chrome.driver as C:\Users\Admin\.cache\selenium\chromedriver\win32\96.0.4664.45\chromedriver.exe
Starting ChromeDriver 96.0.4664.45 (76e4c1bb2ab4671b8beba3444e61c0f17584b2fc-refs/branch-heads/4664@{#947}) on port 11327
Only local connections are allowed.
Please see https://chromedriver.chromium.org/security-considerations for suggestions on keeping ChromeDriver safe.
ChromeDriver was started successfully.
Starting ChromeDriver 96.0.4664.45 (76e4c1bb2ab4671b8beba3444e61c0f17584b2fc-refs/branch-heads/4664@{#947}) on port 29749
Only local connections are allowed.
Please see https://chromedriver.chromium.org/security-considerations for suggestions on keeping ChromeDriver safe.
ChromeDriver was started successfully.
]]></system-err>
  </testcase>
  <testcase name="runScenario[&quot;Login page to HRM&quot;, &quot;Optional[Login Page]&quot;](2)" classname="runners.CucumberRunnerTest" time="10.729">
    <failure message="Case fail expected [true] but found [false]" type="java.lang.AssertionError"><![CDATA[java.lang.AssertionError: Case fail expected [true] but found [false]
]]></failure>
    <system-out><![CDATA[  &amp#27;[32mGiven &amp#27;[0m&amp#27;[32muser navigate to url &amp#27;[0m&amp#27;[32m&amp#27;[1m"https://hrm.anhtester.com/erp/login"&amp#27;[0m &amp#27;[90m# stepdefinitions.LoginSteps.userNavigateToUrl(java.lang.String)&amp#27;[0m
  &amp#27;[32mGiven &amp#27;[0m&amp#27;[32muser navigate to dashboard&amp#27;[0m    &amp#27;[90m# stepdefinitions.DashboardSteps.userNavigateToDashboard()&amp#27;[0m
  &amp#27;[32mGiven &amp#27;[0m&amp#27;[32muser navigate to dashboard&amp#27;[0m    &amp#27;[90m# stepdefinitions.DashboardSteps.userNavigateToDashboard()&amp#27;[0m
  &amp#27;[32mWhen &amp#27;[0m&amp#27;[32muser enter username &amp#27;[0m&amp#27;[32m&amp#27;[1m"admin01"&amp#27;[0m&amp#27;[32m and password &amp#27;[0m&amp#27;[32m&amp#27;[1m"123456"&amp#27;[0m         &amp#27;[90m# stepdefinitions.LoginSteps.userEnterUsernameAndPassword(java.lang.String,java.lang.String)&amp#27;[0m
  &amp#27;[32mAnd &amp#27;[0m&amp#27;[32mclick login button&amp#27;[0m                                           &amp#27;[90m# stepdefinitions.LoginSteps.clickLoginButton()&amp#27;[0m
  &amp#27;[31mThen &amp#27;[0m&amp#27;[31mThe user redirect to Dashboard page&amp#27;[0m                         &amp#27;[90m# stepdefinitions.LoginSteps.theUserRedirectToDashboardPage()&amp#27;[0m
      &amp#27;[31mjava.lang.AssertionError: Case fail expected [true] but found [false]
	at org.testng.Assert.fail(Assert.java:99)
	at org.testng.Assert.failNotEquals(Assert.java:1037)
	at org.testng.Assert.assertTrue(Assert.java:45)
	at stepdefinitions.LoginSteps.theUserRedirectToDashboardPage(LoginSteps.java:63)
	at âœ½.The user redirect to Dashboard page(file:///D:/ANHTESTER/SeleniumJava/Cucumber/CucumberTestNG/src/test/resources/features/Login.feature:7)
&amp#27;[0m

    Embedding screenshot [image/png 78503 bytes]

]]></system-out>
    <system-err><![CDATA[thg 12 23, 2021 6:53:00 SA org.openqa.selenium.remote.ProtocolHandshake createSession
INFO: Detected dialect: W3C
thg 12 23, 2021 6:53:00 SA org.openqa.selenium.remote.ProtocolHandshake createSession
INFO: Detected dialect: W3C
]]></system-err>
  </testcase>
  <testcase name="runScenario[&quot;Open menu&quot;, &quot;Optional[Dashboard page]&quot;](3)" classname="runners.CucumberRunnerTest" time="11.049">
    <system-out><![CDATA[  &amp#27;[32mWhen &amp#27;[0m&amp#27;[32muser click &amp#27;[0m&amp#27;[32m&amp#27;[1m"Task"&amp#27;[0m              &amp#27;[90m# stepdefinitions.DashboardSteps.userClick(java.lang.String)&amp#27;[0m
  &amp#27;[32mThen &amp#27;[0m&amp#27;[32mThe user redirect to this page&amp#27;[0m &amp#27;[90m# stepdefinitions.DashboardSteps.theUserRedirectToThisPage()&amp#27;[0m
]]></system-out>
  </testcase>
  <testcase name="runScenario[&quot;Open menu&quot;, &quot;Optional[Dashboard page]&quot;](4)" classname="runners.CucumberRunnerTest" time="11.273">
    <system-out><![CDATA[  &amp#27;[32mWhen &amp#27;[0m&amp#27;[32muser click &amp#27;[0m&amp#27;[32m&amp#27;[1m"Dá»± Ă¡n"&amp#27;[0m             &amp#27;[90m# stepdefinitions.DashboardSteps.userClick(java.lang.String)&amp#27;[0m
  &amp#27;[32mThen &amp#27;[0m&amp#27;[32mThe user redirect to this page&amp#27;[0m &amp#27;[90m# stepdefinitions.DashboardSteps.theUserRedirectToThisPage()&amp#27;[0m
]]></system-out>
  </testcase>
</testsuite>